{"/Users/ayushkanani/Desktop/web D/Kata-Library-Management-System-TDD-AYUSH/app.js": {"path":"/Users/ayushkanani/Desktop/web D/Kata-Library-Management-System-TDD-AYUSH/app.js","statementMap":{"0":{"start":{"line":1,"column":16},"end":{"line":1,"column":34}},"1":{"start":{"line":2,"column":13},"end":{"line":2,"column":28}},"2":{"start":{"line":4,"column":19},"end":{"line":4,"column":49}},"3":{"start":{"line":7,"column":12},"end":{"line":7,"column":21}},"4":{"start":{"line":10,"column":0},"end":{"line":10,"column":24}},"5":{"start":{"line":11,"column":0},"end":{"line":11,"column":16}},"6":{"start":{"line":14,"column":0},"end":{"line":14,"column":34}},"7":{"start":{"line":17,"column":0},"end":{"line":19,"column":3}},"8":{"start":{"line":18,"column":2},"end":{"line":18,"column":51}},"9":{"start":{"line":22,"column":0},"end":{"line":24,"column":3}},"10":{"start":{"line":23,"column":2},"end":{"line":23,"column":48}},"11":{"start":{"line":27,"column":0},"end":{"line":32,"column":3}},"12":{"start":{"line":28,"column":2},"end":{"line":31,"column":5}},"13":{"start":{"line":34,"column":0},"end":{"line":34,"column":21}}},"fnMap":{"0":{"name":"(anonymous_0)","decl":{"start":{"line":17,"column":13},"end":{"line":17,"column":14}},"loc":{"start":{"line":17,"column":27},"end":{"line":19,"column":1}},"line":17},"1":{"name":"(anonymous_1)","decl":{"start":{"line":22,"column":16},"end":{"line":22,"column":17}},"loc":{"start":{"line":22,"column":30},"end":{"line":24,"column":1}},"line":22},"2":{"name":"(anonymous_2)","decl":{"start":{"line":27,"column":8},"end":{"line":27,"column":9}},"loc":{"start":{"line":27,"column":22},"end":{"line":32,"column":1}},"line":27}},"branchMap":{},"s":{"0":5,"1":5,"2":5,"3":5,"4":5,"5":5,"6":5,"7":5,"8":1,"9":5,"10":1,"11":5,"12":1,"13":5},"f":{"0":1,"1":1,"2":1},"b":{},"_coverageSchema":"1a1c01bbd47fc00a2c39e90264f33305004495a9","hash":"a233f7627ecf2ace53ad8e5936ef455f2e4902a8"}
,"/Users/ayushkanani/Desktop/web D/Kata-Library-Management-System-TDD-AYUSH/controller/addBookController.js": {"path":"/Users/ayushkanani/Desktop/web D/Kata-Library-Management-System-TDD-AYUSH/controller/addBookController.js","statementMap":{"0":{"start":{"line":1,"column":13},"end":{"line":1,"column":43}},"1":{"start":{"line":3,"column":26},"end":{"line":99,"column":1}},"2":{"start":{"line":4,"column":2},"end":{"line":98,"column":3}},"3":{"start":{"line":6,"column":6},"end":{"line":6,"column":14}},"4":{"start":{"line":9,"column":4},"end":{"line":21,"column":5}},"5":{"start":{"line":17,"column":6},"end":{"line":20,"column":9}},"6":{"start":{"line":24,"column":4},"end":{"line":36,"column":5}},"7":{"start":{"line":32,"column":6},"end":{"line":35,"column":9}},"8":{"start":{"line":39,"column":4},"end":{"line":44,"column":5}},"9":{"start":{"line":40,"column":6},"end":{"line":43,"column":9}},"10":{"start":{"line":47,"column":4},"end":{"line":52,"column":5}},"11":{"start":{"line":48,"column":6},"end":{"line":51,"column":9}},"12":{"start":{"line":54,"column":4},"end":{"line":59,"column":5}},"13":{"start":{"line":55,"column":6},"end":{"line":58,"column":9}},"14":{"start":{"line":62,"column":25},"end":{"line":62,"column":53}},"15":{"start":{"line":63,"column":4},"end":{"line":68,"column":5}},"16":{"start":{"line":64,"column":6},"end":{"line":67,"column":9}},"17":{"start":{"line":71,"column":20},"end":{"line":78,"column":6}},"18":{"start":{"line":80,"column":4},"end":{"line":85,"column":5}},"19":{"start":{"line":81,"column":6},"end":{"line":84,"column":9}},"20":{"start":{"line":88,"column":4},"end":{"line":92,"column":7}},"21":{"start":{"line":94,"column":4},"end":{"line":97,"column":7}},"22":{"start":{"line":101,"column":0},"end":{"line":101,"column":35}}},"fnMap":{"0":{"name":"(anonymous_0)","decl":{"start":{"line":3,"column":26},"end":{"line":3,"column":27}},"loc":{"start":{"line":3,"column":46},"end":{"line":99,"column":1}},"line":3}},"branchMap":{"0":{"loc":{"start":{"line":9,"column":4},"end":{"line":21,"column":5}},"type":"if","locations":[{"start":{"line":9,"column":4},"end":{"line":21,"column":5}},{"start":{},"end":{}}],"line":9},"1":{"loc":{"start":{"line":10,"column":6},"end":{"line":15,"column":35}},"type":"binary-expr","locations":[{"start":{"line":10,"column":6},"end":{"line":10,"column":24}},{"start":{"line":11,"column":6},"end":{"line":11,"column":25}},{"start":{"line":12,"column":6},"end":{"line":12,"column":26}},{"start":{"line":13,"column":6},"end":{"line":13,"column":33}},{"start":{"line":14,"column":6},"end":{"line":14,"column":29}},{"start":{"line":15,"column":6},"end":{"line":15,"column":35}}],"line":10},"2":{"loc":{"start":{"line":24,"column":4},"end":{"line":36,"column":5}},"type":"if","locations":[{"start":{"line":24,"column":4},"end":{"line":36,"column":5}},{"start":{},"end":{}}],"line":24},"3":{"loc":{"start":{"line":25,"column":6},"end":{"line":30,"column":41}},"type":"binary-expr","locations":[{"start":{"line":25,"column":6},"end":{"line":25,"column":30}},{"start":{"line":26,"column":6},"end":{"line":26,"column":31}},{"start":{"line":27,"column":6},"end":{"line":27,"column":32}},{"start":{"line":28,"column":6},"end":{"line":28,"column":39}},{"start":{"line":29,"column":6},"end":{"line":29,"column":36}},{"start":{"line":30,"column":6},"end":{"line":30,"column":41}}],"line":25},"4":{"loc":{"start":{"line":39,"column":4},"end":{"line":44,"column":5}},"type":"if","locations":[{"start":{"line":39,"column":4},"end":{"line":44,"column":5}},{"start":{},"end":{}}],"line":39},"5":{"loc":{"start":{"line":47,"column":4},"end":{"line":52,"column":5}},"type":"if","locations":[{"start":{"line":47,"column":4},"end":{"line":52,"column":5}},{"start":{},"end":{}}],"line":47},"6":{"loc":{"start":{"line":54,"column":4},"end":{"line":59,"column":5}},"type":"if","locations":[{"start":{"line":54,"column":4},"end":{"line":59,"column":5}},{"start":{},"end":{}}],"line":54},"7":{"loc":{"start":{"line":63,"column":4},"end":{"line":68,"column":5}},"type":"if","locations":[{"start":{"line":63,"column":4},"end":{"line":68,"column":5}},{"start":{},"end":{}}],"line":63},"8":{"loc":{"start":{"line":80,"column":4},"end":{"line":85,"column":5}},"type":"if","locations":[{"start":{"line":80,"column":4},"end":{"line":85,"column":5}},{"start":{},"end":{}}],"line":80}},"s":{"0":5,"1":5,"2":10,"3":10,"4":10,"5":1,"6":9,"7":2,"8":7,"9":1,"10":6,"11":1,"12":5,"13":1,"14":4,"15":3,"16":1,"17":2,"18":2,"19":1,"20":1,"21":1,"22":5},"f":{"0":10},"b":{"0":[1,9],"1":[10,9,9,9,9,9],"2":[2,7],"3":[9,8,8,8,8,7],"4":[1,6],"5":[1,5],"6":[1,4],"7":[1,2],"8":[1,1]},"_coverageSchema":"1a1c01bbd47fc00a2c39e90264f33305004495a9","hash":"a1e01a3736a20e98a000a1ae61491cf3207b3a95"}
,"/Users/ayushkanani/Desktop/web D/Kata-Library-Management-System-TDD-AYUSH/controller/borrowBookController.js": {"path":"/Users/ayushkanani/Desktop/web D/Kata-Library-Management-System-TDD-AYUSH/controller/borrowBookController.js","statementMap":{"0":{"start":{"line":1,"column":13},"end":{"line":1,"column":43}},"1":{"start":{"line":3,"column":29},"end":{"line":58,"column":1}},"2":{"start":{"line":4,"column":2},"end":{"line":57,"column":3}},"3":{"start":{"line":5,"column":21},"end":{"line":5,"column":29}},"4":{"start":{"line":8,"column":4},"end":{"line":13,"column":5}},"5":{"start":{"line":9,"column":6},"end":{"line":12,"column":9}},"6":{"start":{"line":16,"column":17},"end":{"line":16,"column":45}},"7":{"start":{"line":17,"column":4},"end":{"line":22,"column":5}},"8":{"start":{"line":18,"column":6},"end":{"line":21,"column":9}},"9":{"start":{"line":25,"column":4},"end":{"line":30,"column":5}},"10":{"start":{"line":26,"column":6},"end":{"line":29,"column":9}},"11":{"start":{"line":33,"column":28},"end":{"line":33,"column":52}},"12":{"start":{"line":34,"column":24},"end":{"line":34,"column":43}},"13":{"start":{"line":36,"column":24},"end":{"line":43,"column":5}},"14":{"start":{"line":46,"column":4},"end":{"line":50,"column":7}},"15":{"start":{"line":52,"column":4},"end":{"line":52,"column":57}},"16":{"start":{"line":53,"column":4},"end":{"line":56,"column":7}},"17":{"start":{"line":60,"column":0},"end":{"line":60,"column":38}}},"fnMap":{"0":{"name":"(anonymous_0)","decl":{"start":{"line":3,"column":29},"end":{"line":3,"column":30}},"loc":{"start":{"line":3,"column":49},"end":{"line":58,"column":1}},"line":3}},"branchMap":{"0":{"loc":{"start":{"line":8,"column":4},"end":{"line":13,"column":5}},"type":"if","locations":[{"start":{"line":8,"column":4},"end":{"line":13,"column":5}},{"start":{},"end":{}}],"line":8},"1":{"loc":{"start":{"line":8,"column":8},"end":{"line":8,"column":35}},"type":"binary-expr","locations":[{"start":{"line":8,"column":8},"end":{"line":8,"column":13}},{"start":{"line":8,"column":17},"end":{"line":8,"column":35}}],"line":8},"2":{"loc":{"start":{"line":17,"column":4},"end":{"line":22,"column":5}},"type":"if","locations":[{"start":{"line":17,"column":4},"end":{"line":22,"column":5}},{"start":{},"end":{}}],"line":17},"3":{"loc":{"start":{"line":25,"column":4},"end":{"line":30,"column":5}},"type":"if","locations":[{"start":{"line":25,"column":4},"end":{"line":30,"column":5}},{"start":{},"end":{}}],"line":25}},"s":{"0":5,"1":5,"2":6,"3":6,"4":6,"5":1,"6":5,"7":4,"8":1,"9":3,"10":2,"11":1,"12":1,"13":1,"14":1,"15":1,"16":1,"17":5},"f":{"0":6},"b":{"0":[1,5],"1":[6,6],"2":[1,3],"3":[2,1]},"_coverageSchema":"1a1c01bbd47fc00a2c39e90264f33305004495a9","hash":"30f050058ea7d523c6845474e2bfb9986fe3db75"}
,"/Users/ayushkanani/Desktop/web D/Kata-Library-Management-System-TDD-AYUSH/controller/returnBookController.js": {"path":"/Users/ayushkanani/Desktop/web D/Kata-Library-Management-System-TDD-AYUSH/controller/returnBookController.js","statementMap":{"0":{"start":{"line":1,"column":13},"end":{"line":1,"column":43}},"1":{"start":{"line":3,"column":29},"end":{"line":66,"column":1}},"2":{"start":{"line":4,"column":2},"end":{"line":65,"column":3}},"3":{"start":{"line":5,"column":21},"end":{"line":5,"column":29}},"4":{"start":{"line":8,"column":17},"end":{"line":8,"column":45}},"5":{"start":{"line":11,"column":4},"end":{"line":16,"column":5}},"6":{"start":{"line":12,"column":6},"end":{"line":15,"column":9}},"7":{"start":{"line":19,"column":4},"end":{"line":24,"column":5}},"8":{"start":{"line":20,"column":6},"end":{"line":23,"column":9}},"9":{"start":{"line":26,"column":25},"end":{"line":26,"column":53}},"10":{"start":{"line":27,"column":4},"end":{"line":32,"column":5}},"11":{"start":{"line":28,"column":6},"end":{"line":31,"column":9}},"12":{"start":{"line":35,"column":28},"end":{"line":35,"column":60}},"13":{"start":{"line":36,"column":22},"end":{"line":36,"column":41}},"14":{"start":{"line":38,"column":24},"end":{"line":45,"column":5}},"15":{"start":{"line":47,"column":4},"end":{"line":58,"column":5}},"16":{"start":{"line":48,"column":6},"end":{"line":52,"column":9}},"17":{"start":{"line":54,"column":6},"end":{"line":57,"column":9}},"18":{"start":{"line":60,"column":4},"end":{"line":60,"column":57}},"19":{"start":{"line":61,"column":4},"end":{"line":64,"column":7}},"20":{"start":{"line":68,"column":0},"end":{"line":68,"column":38}}},"fnMap":{"0":{"name":"(anonymous_0)","decl":{"start":{"line":3,"column":29},"end":{"line":3,"column":30}},"loc":{"start":{"line":3,"column":49},"end":{"line":66,"column":1}},"line":3}},"branchMap":{"0":{"loc":{"start":{"line":11,"column":4},"end":{"line":16,"column":5}},"type":"if","locations":[{"start":{"line":11,"column":4},"end":{"line":16,"column":5}},{"start":{},"end":{}}],"line":11},"1":{"loc":{"start":{"line":19,"column":4},"end":{"line":24,"column":5}},"type":"if","locations":[{"start":{"line":19,"column":4},"end":{"line":24,"column":5}},{"start":{},"end":{}}],"line":19},"2":{"loc":{"start":{"line":19,"column":8},"end":{"line":19,"column":54}},"type":"binary-expr","locations":[{"start":{"line":19,"column":8},"end":{"line":19,"column":32}},{"start":{"line":19,"column":36},"end":{"line":19,"column":54}}],"line":19},"3":{"loc":{"start":{"line":27,"column":4},"end":{"line":32,"column":5}},"type":"if","locations":[{"start":{"line":27,"column":4},"end":{"line":32,"column":5}},{"start":{},"end":{}}],"line":27},"4":{"loc":{"start":{"line":47,"column":4},"end":{"line":58,"column":5}},"type":"if","locations":[{"start":{"line":47,"column":4},"end":{"line":58,"column":5}},{"start":{"line":53,"column":11},"end":{"line":58,"column":5}}],"line":47}},"s":{"0":5,"1":5,"2":7,"3":7,"4":7,"5":6,"6":1,"7":5,"8":2,"9":3,"10":3,"11":1,"12":2,"13":2,"14":2,"15":2,"16":1,"17":1,"18":1,"19":1,"20":5},"f":{"0":7},"b":{"0":[1,5],"1":[2,3],"2":[5,5],"3":[1,2],"4":[1,1]},"_coverageSchema":"1a1c01bbd47fc00a2c39e90264f33305004495a9","hash":"8b932cbe1596d9b2bfcda5a701570825ec79e1e9"}
,"/Users/ayushkanani/Desktop/web D/Kata-Library-Management-System-TDD-AYUSH/controller/viewAvailableBooksController.js": {"path":"/Users/ayushkanani/Desktop/web D/Kata-Library-Management-System-TDD-AYUSH/controller/viewAvailableBooksController.js","statementMap":{"0":{"start":{"line":1,"column":13},"end":{"line":1,"column":43}},"1":{"start":{"line":3,"column":37},"end":{"line":26,"column":1}},"2":{"start":{"line":4,"column":2},"end":{"line":25,"column":3}},"3":{"start":{"line":5,"column":27},"end":{"line":5,"column":63}},"4":{"start":{"line":8,"column":4},"end":{"line":13,"column":5}},"5":{"start":{"line":9,"column":6},"end":{"line":12,"column":9}},"6":{"start":{"line":14,"column":4},"end":{"line":18,"column":7}},"7":{"start":{"line":20,"column":4},"end":{"line":20,"column":65}},"8":{"start":{"line":21,"column":4},"end":{"line":24,"column":7}},"9":{"start":{"line":28,"column":0},"end":{"line":28,"column":46}}},"fnMap":{"0":{"name":"(anonymous_0)","decl":{"start":{"line":3,"column":37},"end":{"line":3,"column":38}},"loc":{"start":{"line":3,"column":57},"end":{"line":26,"column":1}},"line":3}},"branchMap":{"0":{"loc":{"start":{"line":8,"column":4},"end":{"line":13,"column":5}},"type":"if","locations":[{"start":{"line":8,"column":4},"end":{"line":13,"column":5}},{"start":{},"end":{}}],"line":8}},"s":{"0":5,"1":5,"2":4,"3":4,"4":3,"5":1,"6":2,"7":1,"8":1,"9":5},"f":{"0":4},"b":{"0":[1,2]},"_coverageSchema":"1a1c01bbd47fc00a2c39e90264f33305004495a9","hash":"0f8930ef3fa6021a54d2cfc08b411c42a98e2c35"}
,"/Users/ayushkanani/Desktop/web D/Kata-Library-Management-System-TDD-AYUSH/models/BookModel.js": {"path":"/Users/ayushkanani/Desktop/web D/Kata-Library-Management-System-TDD-AYUSH/models/BookModel.js","statementMap":{"0":{"start":{"line":1,"column":17},"end":{"line":1,"column":36}},"1":{"start":{"line":2,"column":19},"end":{"line":28,"column":2}},"2":{"start":{"line":29,"column":0},"end":{"line":29,"column":52}}},"fnMap":{},"branchMap":{},"s":{"0":5,"1":5,"2":5},"f":{},"b":{},"_coverageSchema":"1a1c01bbd47fc00a2c39e90264f33305004495a9","hash":"da9f6b1136b6acd4e4308882c80c73f6056e1e73"}
,"/Users/ayushkanani/Desktop/web D/Kata-Library-Management-System-TDD-AYUSH/routes/bookRoutes.js": {"path":"/Users/ayushkanani/Desktop/web D/Kata-Library-Management-System-TDD-AYUSH/routes/bookRoutes.js","statementMap":{"0":{"start":{"line":1,"column":16},"end":{"line":1,"column":34}},"1":{"start":{"line":2,"column":15},"end":{"line":2,"column":31}},"2":{"start":{"line":3,"column":26},"end":{"line":3,"column":68}},"3":{"start":{"line":4,"column":29},"end":{"line":4,"column":74}},"4":{"start":{"line":5,"column":29},"end":{"line":5,"column":74}},"5":{"start":{"line":6,"column":37},"end":{"line":6,"column":90}},"6":{"start":{"line":9,"column":0},"end":{"line":9,"column":46}},"7":{"start":{"line":10,"column":0},"end":{"line":10,"column":49}},"8":{"start":{"line":11,"column":0},"end":{"line":11,"column":49}},"9":{"start":{"line":12,"column":0},"end":{"line":12,"column":64}},"10":{"start":{"line":14,"column":0},"end":{"line":14,"column":24}}},"fnMap":{},"branchMap":{},"s":{"0":5,"1":5,"2":5,"3":5,"4":5,"5":5,"6":5,"7":5,"8":5,"9":5,"10":5},"f":{},"b":{},"_coverageSchema":"1a1c01bbd47fc00a2c39e90264f33305004495a9","hash":"adc9c5e16699b38e5c9a64e4b9958d62cd35e270"}
}
