TN:
SF:app.js
FN:17,(anonymous_0)
FN:22,(anonymous_1)
FN:27,(anonymous_2)
FNF:3
FNH:3
FNDA:1,(anonymous_0)
FNDA:1,(anonymous_1)
FNDA:1,(anonymous_2)
DA:1,5
DA:2,5
DA:4,5
DA:7,5
DA:10,5
DA:11,5
DA:14,5
DA:17,5
DA:18,1
DA:22,5
DA:23,1
DA:27,5
DA:28,1
DA:34,5
LF:14
LH:14
BRF:0
BRH:0
end_of_record
TN:
SF:controller/addBookController.js
FN:3,(anonymous_0)
FNF:1
FNH:1
FNDA:10,(anonymous_0)
DA:1,5
DA:3,5
DA:4,10
DA:6,10
DA:9,10
DA:17,1
DA:24,9
DA:32,2
DA:39,7
DA:40,1
DA:47,6
DA:48,1
DA:54,5
DA:55,1
DA:62,4
DA:63,3
DA:64,1
DA:71,2
DA:80,2
DA:81,1
DA:88,1
DA:94,1
DA:101,5
LF:23
LH:23
BRDA:9,0,0,1
BRDA:9,0,1,9
BRDA:10,1,0,10
BRDA:10,1,1,9
BRDA:10,1,2,9
BRDA:10,1,3,9
BRDA:10,1,4,9
BRDA:10,1,5,9
BRDA:24,2,0,2
BRDA:24,2,1,7
BRDA:25,3,0,9
BRDA:25,3,1,8
BRDA:25,3,2,8
BRDA:25,3,3,8
BRDA:25,3,4,8
BRDA:25,3,5,7
BRDA:39,4,0,1
BRDA:39,4,1,6
BRDA:47,5,0,1
BRDA:47,5,1,5
BRDA:54,6,0,1
BRDA:54,6,1,4
BRDA:63,7,0,1
BRDA:63,7,1,2
BRDA:80,8,0,1
BRDA:80,8,1,1
BRF:26
BRH:26
end_of_record
TN:
SF:controller/borrowBookController.js
FN:3,(anonymous_0)
FNF:1
FNH:1
FNDA:6,(anonymous_0)
DA:1,5
DA:3,5
DA:4,6
DA:5,6
DA:8,6
DA:9,1
DA:16,5
DA:17,4
DA:18,1
DA:25,3
DA:26,2
DA:33,1
DA:34,1
DA:36,1
DA:46,1
DA:52,1
DA:53,1
DA:60,5
LF:18
LH:18
BRDA:8,0,0,1
BRDA:8,0,1,5
BRDA:8,1,0,6
BRDA:8,1,1,6
BRDA:17,2,0,1
BRDA:17,2,1,3
BRDA:25,3,0,2
BRDA:25,3,1,1
BRF:8
BRH:8
end_of_record
TN:
SF:controller/returnBookController.js
FN:3,(anonymous_0)
FNF:1
FNH:1
FNDA:7,(anonymous_0)
DA:1,5
DA:3,5
DA:4,7
DA:5,7
DA:8,7
DA:11,6
DA:12,1
DA:19,5
DA:20,2
DA:26,3
DA:27,3
DA:28,1
DA:35,2
DA:36,2
DA:38,2
DA:47,2
DA:48,1
DA:54,1
DA:60,1
DA:61,1
DA:68,5
LF:21
LH:21
BRDA:11,0,0,1
BRDA:11,0,1,5
BRDA:19,1,0,2
BRDA:19,1,1,3
BRDA:19,2,0,5
BRDA:19,2,1,5
BRDA:27,3,0,1
BRDA:27,3,1,2
BRDA:47,4,0,1
BRDA:47,4,1,1
BRF:10
BRH:10
end_of_record
TN:
SF:controller/viewAvailableBooksController.js
FN:3,(anonymous_0)
FNF:1
FNH:1
FNDA:4,(anonymous_0)
DA:1,5
DA:3,5
DA:4,4
DA:5,4
DA:8,3
DA:9,1
DA:14,2
DA:20,1
DA:21,1
DA:28,5
LF:10
LH:10
BRDA:8,0,0,1
BRDA:8,0,1,2
BRF:2
BRH:2
end_of_record
TN:
SF:models/BookModel.js
FNF:0
FNH:0
DA:1,5
DA:2,5
DA:29,5
LF:3
LH:3
BRF:0
BRH:0
end_of_record
TN:
SF:routes/bookRoutes.js
FNF:0
FNH:0
DA:1,5
DA:2,5
DA:3,5
DA:4,5
DA:5,5
DA:6,5
DA:9,5
DA:10,5
DA:11,5
DA:12,5
DA:14,5
LF:11
LH:11
BRF:0
BRH:0
end_of_record
